[2025-04-12T16:32:11.824+0000] {local_task_job_runner.py:123} INFO - ::group::Pre task execution logs
[2025-04-12T16:32:11.839+0000] {taskinstance.py:2614} INFO - Dependencies all met for dep_context=non-requeueable deps ti=<TaskInstance: youtube_etl_dag.transform_data manual__2025-04-12T16:32:09.848783+00:00 [queued]>
[2025-04-12T16:32:11.848+0000] {taskinstance.py:2614} INFO - Dependencies all met for dep_context=requeueable deps ti=<TaskInstance: youtube_etl_dag.transform_data manual__2025-04-12T16:32:09.848783+00:00 [queued]>
[2025-04-12T16:32:11.849+0000] {taskinstance.py:2867} INFO - Starting attempt 1 of 1
[2025-04-12T16:32:11.861+0000] {taskinstance.py:2890} INFO - Executing <Task(PythonOperator): transform_data> on 2025-04-12 16:32:09.848783+00:00
[2025-04-12T16:32:11.871+0000] {logging_mixin.py:190} WARNING - /home/***/.local/lib/python3.12/site-packages/***/task/task_runner/standard_task_runner.py:70 DeprecationWarning: This process (pid=191) is multi-threaded, use of fork() may lead to deadlocks in the child.
[2025-04-12T16:32:11.872+0000] {standard_task_runner.py:72} INFO - Started process 192 to run task
[2025-04-12T16:32:11.872+0000] {standard_task_runner.py:104} INFO - Running: ['***', 'tasks', 'run', 'youtube_etl_dag', 'transform_data', 'manual__2025-04-12T16:32:09.848783+00:00', '--job-id', '15', '--raw', '--subdir', 'DAGS_FOLDER/youtube_etl_dag.py', '--cfg-path', '/tmp/tmp7y_duybw']
[2025-04-12T16:32:11.874+0000] {standard_task_runner.py:105} INFO - Job 15: Subtask transform_data
[2025-04-12T16:32:11.885+0000] {logging_mixin.py:190} WARNING - /home/***/.local/lib/python3.12/site-packages/***/settings.py:209 DeprecationWarning: The sql_alchemy_conn option in [core] has been moved to the sql_alchemy_conn option in [database] - the old setting has been used, but please update your config.
[2025-04-12T16:32:11.912+0000] {task_command.py:467} INFO - Running <TaskInstance: youtube_etl_dag.transform_data manual__2025-04-12T16:32:09.848783+00:00 [running]> on host fbe4ca52aa9c
[2025-04-12T16:32:11.979+0000] {taskinstance.py:3134} INFO - Exporting env vars: AIRFLOW_CTX_DAG_OWNER='***' AIRFLOW_CTX_DAG_ID='youtube_etl_dag' AIRFLOW_CTX_TASK_ID='transform_data' AIRFLOW_CTX_EXECUTION_DATE='2025-04-12T16:32:09.848783+00:00' AIRFLOW_CTX_TRY_NUMBER='1' AIRFLOW_CTX_DAG_RUN_ID='manual__2025-04-12T16:32:09.848783+00:00'
[2025-04-12T16:32:11.980+0000] {taskinstance.py:732} INFO - ::endgroup::
[2025-04-12T16:32:12.309+0000] {logging_mixin.py:190} INFO - ✅ Datos transformados guardados en: /opt/***/data/processed/channel_stats_20250412_163212.csv
[2025-04-12T16:32:12.312+0000] {python.py:240} INFO - Done. Returned value was: None
[2025-04-12T16:32:12.321+0000] {taskinstance.py:341} INFO - ::group::Post task execution logs
[2025-04-12T16:32:12.321+0000] {taskinstance.py:353} INFO - Marking task as SUCCESS. dag_id=youtube_etl_dag, task_id=transform_data, run_id=manual__2025-04-12T16:32:09.848783+00:00, execution_date=20250412T163209, start_date=20250412T163211, end_date=20250412T163212
[2025-04-12T16:32:12.366+0000] {local_task_job_runner.py:266} INFO - Task exited with return code 0
[2025-04-12T16:32:12.384+0000] {taskinstance.py:3901} INFO - 1 downstream tasks scheduled from follow-on schedule check
[2025-04-12T16:32:12.385+0000] {local_task_job_runner.py:245} INFO - ::endgroup::
