[2025-04-12T16:15:56.209+0000] {local_task_job_runner.py:123} INFO - ::group::Pre task execution logs
[2025-04-12T16:15:56.224+0000] {taskinstance.py:2614} INFO - Dependencies all met for dep_context=non-requeueable deps ti=<TaskInstance: youtube_etl_dag.load_data manual__2025-04-12T16:15:53.305816+00:00 [queued]>
[2025-04-12T16:15:56.230+0000] {taskinstance.py:2614} INFO - Dependencies all met for dep_context=requeueable deps ti=<TaskInstance: youtube_etl_dag.load_data manual__2025-04-12T16:15:53.305816+00:00 [queued]>
[2025-04-12T16:15:56.231+0000] {taskinstance.py:2867} INFO - Starting attempt 1 of 1
[2025-04-12T16:15:56.243+0000] {taskinstance.py:2890} INFO - Executing <Task(PythonOperator): load_data> on 2025-04-12 16:15:53.305816+00:00
[2025-04-12T16:15:56.251+0000] {logging_mixin.py:190} WARNING - /home/***/.local/lib/python3.12/site-packages/***/task/task_runner/standard_task_runner.py:70 DeprecationWarning: This process (pid=203) is multi-threaded, use of fork() may lead to deadlocks in the child.
[2025-04-12T16:15:56.251+0000] {standard_task_runner.py:72} INFO - Started process 204 to run task
[2025-04-12T16:15:56.252+0000] {standard_task_runner.py:104} INFO - Running: ['***', 'tasks', 'run', 'youtube_etl_dag', 'load_data', 'manual__2025-04-12T16:15:53.305816+00:00', '--job-id', '12', '--raw', '--subdir', 'DAGS_FOLDER/youtube_etl_dag.py', '--cfg-path', '/tmp/tmpojnd3o7p']
[2025-04-12T16:15:56.253+0000] {standard_task_runner.py:105} INFO - Job 12: Subtask load_data
[2025-04-12T16:15:56.263+0000] {logging_mixin.py:190} WARNING - /home/***/.local/lib/python3.12/site-packages/***/settings.py:209 DeprecationWarning: The sql_alchemy_conn option in [core] has been moved to the sql_alchemy_conn option in [database] - the old setting has been used, but please update your config.
[2025-04-12T16:15:56.291+0000] {task_command.py:467} INFO - Running <TaskInstance: youtube_etl_dag.load_data manual__2025-04-12T16:15:53.305816+00:00 [running]> on host fbe4ca52aa9c
[2025-04-12T16:15:56.353+0000] {taskinstance.py:3134} INFO - Exporting env vars: AIRFLOW_CTX_DAG_OWNER='***' AIRFLOW_CTX_DAG_ID='youtube_etl_dag' AIRFLOW_CTX_TASK_ID='load_data' AIRFLOW_CTX_EXECUTION_DATE='2025-04-12T16:15:53.305816+00:00' AIRFLOW_CTX_TRY_NUMBER='1' AIRFLOW_CTX_DAG_RUN_ID='manual__2025-04-12T16:15:53.305816+00:00'
[2025-04-12T16:15:56.353+0000] {taskinstance.py:732} INFO - ::endgroup::
[2025-04-12T16:15:56.364+0000] {logging_mixin.py:190} INFO - ✅ Datos cargados en SQLite: /opt/***/data/data_base/youtube.db
[2025-04-12T16:15:56.364+0000] {logging_mixin.py:190} INFO - 📊 Total registros: 1
[2025-04-12T16:15:56.364+0000] {python.py:240} INFO - Done. Returned value was: None
[2025-04-12T16:15:56.373+0000] {taskinstance.py:341} INFO - ::group::Post task execution logs
[2025-04-12T16:15:56.373+0000] {taskinstance.py:353} INFO - Marking task as SUCCESS. dag_id=youtube_etl_dag, task_id=load_data, run_id=manual__2025-04-12T16:15:53.305816+00:00, execution_date=20250412T161553, start_date=20250412T161556, end_date=20250412T161556
[2025-04-12T16:15:56.425+0000] {local_task_job_runner.py:266} INFO - Task exited with return code 0
[2025-04-12T16:15:56.440+0000] {taskinstance.py:3901} INFO - 0 downstream tasks scheduled from follow-on schedule check
[2025-04-12T16:15:56.441+0000] {local_task_job_runner.py:245} INFO - ::endgroup::
