[2025-04-12T15:53:57.180+0000] {local_task_job_runner.py:123} INFO - ::group::Pre task execution logs
[2025-04-12T15:53:57.196+0000] {taskinstance.py:2614} INFO - Dependencies all met for dep_context=non-requeueable deps ti=<TaskInstance: youtube_etl_dag.transform_data scheduled__2025-04-11T00:00:00+00:00 [queued]>
[2025-04-12T15:53:57.202+0000] {taskinstance.py:2614} INFO - Dependencies all met for dep_context=requeueable deps ti=<TaskInstance: youtube_etl_dag.transform_data scheduled__2025-04-11T00:00:00+00:00 [queued]>
[2025-04-12T15:53:57.202+0000] {taskinstance.py:2867} INFO - Starting attempt 1 of 1
[2025-04-12T15:53:57.213+0000] {taskinstance.py:2890} INFO - Executing <Task(PythonOperator): transform_data> on 2025-04-11 00:00:00+00:00
[2025-04-12T15:53:57.224+0000] {logging_mixin.py:190} WARNING - /home/***/.local/lib/python3.12/site-packages/***/task/task_runner/standard_task_runner.py:70 DeprecationWarning: This process (pid=186) is multi-threaded, use of fork() may lead to deadlocks in the child.
[2025-04-12T15:53:57.225+0000] {standard_task_runner.py:72} INFO - Started process 187 to run task
[2025-04-12T15:53:57.225+0000] {standard_task_runner.py:104} INFO - Running: ['***', 'tasks', 'run', 'youtube_etl_dag', 'transform_data', 'scheduled__2025-04-11T00:00:00+00:00', '--job-id', '7', '--raw', '--subdir', 'DAGS_FOLDER/youtube_etl_dag.py', '--cfg-path', '/tmp/tmp69l7z1gw']
[2025-04-12T15:53:57.226+0000] {standard_task_runner.py:105} INFO - Job 7: Subtask transform_data
[2025-04-12T15:53:57.236+0000] {logging_mixin.py:190} WARNING - /home/***/.local/lib/python3.12/site-packages/***/settings.py:209 DeprecationWarning: The sql_alchemy_conn option in [core] has been moved to the sql_alchemy_conn option in [database] - the old setting has been used, but please update your config.
[2025-04-12T15:53:57.258+0000] {task_command.py:467} INFO - Running <TaskInstance: youtube_etl_dag.transform_data scheduled__2025-04-11T00:00:00+00:00 [running]> on host fbe4ca52aa9c
[2025-04-12T15:53:57.259+0000] {logging_mixin.py:190} WARNING - /home/***/.local/lib/python3.12/site-packages/***/settings.py:470 DeprecationWarning: The sql_alchemy_conn option in [core] has been moved to the sql_alchemy_conn option in [database] - the old setting has been used, but please update your config.
[2025-04-12T15:53:57.315+0000] {taskinstance.py:3134} INFO - Exporting env vars: AIRFLOW_CTX_DAG_OWNER='***' AIRFLOW_CTX_DAG_ID='youtube_etl_dag' AIRFLOW_CTX_TASK_ID='transform_data' AIRFLOW_CTX_EXECUTION_DATE='2025-04-11T00:00:00+00:00' AIRFLOW_CTX_TRY_NUMBER='1' AIRFLOW_CTX_DAG_RUN_ID='scheduled__2025-04-11T00:00:00+00:00'
[2025-04-12T15:53:57.315+0000] {taskinstance.py:732} INFO - ::endgroup::
[2025-04-12T15:53:58.192+0000] {logging_mixin.py:190} INFO - ✅ Datos transformados guardados en: /opt/***/data/processed/channel_stats_20250412_155358.csv
[2025-04-12T15:53:58.194+0000] {python.py:240} INFO - Done. Returned value was: None
[2025-04-12T15:53:58.204+0000] {taskinstance.py:341} INFO - ::group::Post task execution logs
[2025-04-12T15:53:58.205+0000] {taskinstance.py:353} INFO - Marking task as SUCCESS. dag_id=youtube_etl_dag, task_id=transform_data, run_id=scheduled__2025-04-11T00:00:00+00:00, execution_date=20250411T000000, start_date=20250412T155357, end_date=20250412T155358
[2025-04-12T15:53:58.241+0000] {local_task_job_runner.py:266} INFO - Task exited with return code 0
[2025-04-12T15:53:58.266+0000] {taskinstance.py:3901} INFO - 1 downstream tasks scheduled from follow-on schedule check
[2025-04-12T15:53:58.267+0000] {local_task_job_runner.py:245} INFO - ::endgroup::
